<?xml version="1.0" encoding="UTF-8"?>
<!-- Generated by org.testng.reporters.JUnitReportReporter -->
<testsuite hostname="DESKTOP-RG6CFTP" failures="0" tests="1" name="com.mindtree.runner.TestRunner" time="175.376" errors="0" timestamp="2021-11-18T16:50:04 IST" skipped="0">
  <testcase classname="com.mindtree.runner.TestRunner" name="runScenario" time="175.376"/>
  <system-out/>
</testsuite> <!-- com.mindtree.runner.TestRunner -->
