<?xml version="1.0" encoding="UTF-8"?>
<!-- Generated by org.testng.reporters.JUnitReportReporter -->
<testsuite hostname="DESKTOP-RG6CFTP" failures="0" tests="1" name="com.mindtree.pageobject.BountyPage" time="41.484" errors="0" timestamp="2021-11-18T16:52:32 IST" skipped="0">
  <testcase classname="com.mindtree.pageobject.BountyPage" name="BountyPageTest" time="41.484"/>
  <system-out/>
</testsuite> <!-- com.mindtree.pageobject.BountyPage -->
