<?xml version="1.0" encoding="UTF-8"?>
<!-- Generated by org.testng.reporters.JUnitReportReporter -->
<testsuite hostname="DESKTOP-RG6CFTP" failures="0" tests="1" name="com.mindtree.pageobject.HomePage" time="13.759" errors="0" timestamp="2021-11-18T13:26:50 IST" skipped="0">
  <testcase classname="com.mindtree.pageobject.HomePage" name="logintest" time="13.759"/>
  <system-out/>
</testsuite> <!-- com.mindtree.pageobject.HomePage -->
